The system is: Linux - 5.15.0-118-generic - x86_64
Compiling the C compiler identification source file "CMakeCCompilerId.c" succeeded.
Compiler: /cm/shared/apps/gcc/13.2.0/bin/gcc-13 
Build flags: 
Id flags:  

The output was:
0


Compilation of the C compiler identification source "CMakeCCompilerId.c" produced "a.out"

The C compiler identification is GNU, found in "/home/krisor99/SpMV-Comm-Strats/P3/build/Debug/CMakeFiles/3.22.1/CompilerIdC/a.out"

Detecting C compiler ABI info compiled with the following output:
Change Dir: /home/krisor99/SpMV-Comm-Strats/P3/build/Debug/CMakeFiles/CMakeTmp

Run Build Command(s):/usr/bin/gmake -f Makefile cmTC_55fc6/fast && /usr/bin/gmake  -f CMakeFiles/cmTC_55fc6.dir/build.make CMakeFiles/cmTC_55fc6.dir/build
gmake[1]: Entering directory '/home/krisor99/SpMV-Comm-Strats/P3/build/Debug/CMakeFiles/CMakeTmp'
Building C object CMakeFiles/cmTC_55fc6.dir/CMakeCCompilerABI.c.o
/cm/shared/apps/gcc/13.2.0/bin/gcc-13   -v -o CMakeFiles/cmTC_55fc6.dir/CMakeCCompilerABI.c.o -c /usr/share/cmake-3.22/Modules/CMakeCCompilerABI.c
Using built-in specs.
COLLECT_GCC=/cm/shared/apps/gcc/13.2.0/bin/gcc-13
OFFLOAD_TARGET_NAMES=nvptx-none
Target: x86_64-linux-gnu
Configured with: ../configure --prefix=/cm/shared/apps/gcc/13.2.0 --enable-languages=c,c++,go,d,fortran,objc,obj-c++,m2 --with-pkgversion='Ubuntu 13.2.0-1ubuntu1~22.04-torel' --with-gcc-major-version-only --program-suffix=-13 --enable-shared --enable-linker-build-id --with-gmp=/cm/shared/apps/gmp/gcc/6.3.0 --with-mpc=/cm/shared/apps/mpc/gcc/u2204/1.3.1 --with-mpfr=/cm/shared/apps/mpfr/gcc/4.2.1 --libexecdir=/cm/shared/apps/gcc/13.2.0/usr/lib --without-included-gettext --enable-threads=posix --libdir=/cm/shared/apps/gcc/13.2.0/usr/lib --enable-nls --enable-clocale=gnu --enable-libstdcxx-debug --enable-libstdcxx-time=yes --with-default-libstdcxx-abi=new --enable-gnu-unique-object --disable-vtable-verify --enable-libmpx --enable-plugin --enable-default-pie --with-system-zlib --enable-libphobos-checking=release --with-target-system-zlib=auto --enable-objc-gc=auto --enable-multiarch --disable-werror --enable-cet --with-arch-32=i686 --with-abi=m64 --with-multilib-list=m32,m64,mx32 --enable-multilib --with-tune=generic --enable-offload-targets=nvptx-none --without-cuda-driver --enable-checking=release --build=x86_64-linux-gnu --host=x86_64-linux-gnu --target=x86_64-linux-gnu --with-build-config=bootstrap-lto-lean --enable-link-serialization=2
Thread model: posix
Supported LTO compression algorithms: zlib zstd
gcc version 13.2.0 (Ubuntu 13.2.0-1ubuntu1~22.04-torel) 
COLLECT_GCC_OPTIONS='-v' '-o' 'CMakeFiles/cmTC_55fc6.dir/CMakeCCompilerABI.c.o' '-c' '-mtune=generic' '-march=x86-64' '-dumpdir' 'CMakeFiles/cmTC_55fc6.dir/'
 /cm/shared/apps/gcc/13.2.0/usr/lib/gcc/x86_64-linux-gnu/13/cc1 -quiet -v -imultiarch x86_64-linux-gnu /usr/share/cmake-3.22/Modules/CMakeCCompilerABI.c -quiet -dumpdir CMakeFiles/cmTC_55fc6.dir/ -dumpbase CMakeCCompilerABI.c.c -dumpbase-ext .c -mtune=generic -march=x86-64 -version -o /tmp/ccd8XStO.s
GNU C17 (Ubuntu 13.2.0-1ubuntu1~22.04-torel) version 13.2.0 (x86_64-linux-gnu)
	compiled by GNU C version 13.2.0, GMP version 6.3.0, MPFR version 4.2.1, MPC version 1.3.1, isl version isl-0.24-GMP

GGC heuristics: --param ggc-min-expand=100 --param ggc-min-heapsize=131072
ignoring nonexistent directory "/usr/local/include/x86_64-linux-gnu"
ignoring duplicate directory "/cm/shared/apps/gcc/13.2.0/include"
ignoring nonexistent directory "/cm/shared/apps/gcc/13.2.0/usr/lib/gcc/x86_64-linux-gnu/13/../../../../../x86_64-linux-gnu/include"
#include "..." search starts here:
#include <...> search starts here:
 /cm/shared/apps/openmpi4/gcc/4.1.5/include
 /cm/shared/apps/slurm/current/include
 /cm/shared/apps/metis/gcc/5.1.0/include
 /cm/shared/apps/gcc/13.2.0/include
 /cm/shared/apps/mpc/gcc/u2204/1.3.1/include
 /cm/shared/apps/mpfr/gcc/4.2.1/include
 /cm/shared/apps/gmp/gcc/6.3.0/include
 /cm/shared/apps/hwloc/gcc/2.9.2/include
 /cm/shared/apps/gcc/13.2.0/usr/lib/gcc/x86_64-linux-gnu/13/include
 /usr/local/include
 /cm/shared/apps/gcc/13.2.0/usr/lib/gcc/x86_64-linux-gnu/13/include-fixed/x86_64-linux-gnu
 /cm/shared/apps/gcc/13.2.0/usr/lib/gcc/x86_64-linux-gnu/13/include-fixed
 /usr/include/x86_64-linux-gnu
 /usr/include
End of search list.
Compiler executable checksum: d4eec267d49630bbfb0c9557d8b75b0d
COLLECT_GCC_OPTIONS='-v' '-o' 'CMakeFiles/cmTC_55fc6.dir/CMakeCCompilerABI.c.o' '-c' '-mtune=generic' '-march=x86-64' '-dumpdir' 'CMakeFiles/cmTC_55fc6.dir/'
 as -v --64 -o CMakeFiles/cmTC_55fc6.dir/CMakeCCompilerABI.c.o /tmp/ccd8XStO.s
GNU assembler version 2.38 (x86_64-linux-gnu) using BFD version (GNU Binutils for Ubuntu) 2.38
COMPILER_PATH=/cm/shared/apps/gcc/13.2.0/usr/lib/gcc/x86_64-linux-gnu/13/:/cm/shared/apps/gcc/13.2.0/usr/lib/gcc/x86_64-linux-gnu/13/:/cm/shared/apps/gcc/13.2.0/usr/lib/gcc/x86_64-linux-gnu/:/cm/shared/apps/gcc/13.2.0/usr/lib/gcc/x86_64-linux-gnu/13/:/cm/shared/apps/gcc/13.2.0/usr/lib/gcc/x86_64-linux-gnu/
LIBRARY_PATH=/cm/shared/apps/gcc/13.2.0/usr/lib64/../lib64/:/cm/shared/apps/gcc/13.2.0/usr/lib32/../lib64/:/cm/shared/apps/gcc/13.2.0/usr/libx32/../lib64/:/cm/shared/apps/slurm/current/lib64/../lib64/:/cm/shared/apps/gcc/13.2.0/usr/lib/gcc/x86_64-linux-gnu/13/:/cm/shared/apps/gcc/13.2.0/usr/lib/gcc/x86_64-linux-gnu/13/../../../../lib64/:/lib/x86_64-linux-gnu/:/lib/../lib64/:/usr/lib/x86_64-linux-gnu/:/usr/lib/../lib64/:/cm/shared/apps/metis/gcc/5.1.0/lib/:/cm/shared/apps/gcc/13.2.0/usr/lib64/:/cm/shared/apps/gcc/13.2.0/usr/lib32/:/cm/shared/apps/gcc/13.2.0/usr/libx32/:/cm/shared/apps/mpc/gcc/u2204/1.3.1/lib/:/cm/shared/apps/mpfr/gcc/4.2.1/lib/:/cm/shared/apps/gmp/gcc/6.3.0/lib/:/cm/shared/apps/hwloc/gcc/2.9.2/lib/:/cm/shared/apps/slurm/current/lib64/slurm/:/cm/shared/apps/slurm/current/lib64/:/cm/shared/apps/gcc/13.2.0/usr/lib/gcc/x86_64-linux-gnu/13/../../../:/lib/:/usr/lib/
COLLECT_GCC_OPTIONS='-v' '-o' 'CMakeFiles/cmTC_55fc6.dir/CMakeCCompilerABI.c.o' '-c' '-mtune=generic' '-march=x86-64' '-dumpdir' 'CMakeFiles/cmTC_55fc6.dir/CMakeCCompilerABI.c.'
Linking C executable cmTC_55fc6
/usr/bin/cmake -E cmake_link_script CMakeFiles/cmTC_55fc6.dir/link.txt --verbose=1
/cm/shared/apps/gcc/13.2.0/bin/gcc-13  -v CMakeFiles/cmTC_55fc6.dir/CMakeCCompilerABI.c.o -o cmTC_55fc6 
Using built-in specs.
COLLECT_GCC=/cm/shared/apps/gcc/13.2.0/bin/gcc-13
COLLECT_LTO_WRAPPER=/cm/shared/apps/gcc/13.2.0/usr/lib/gcc/x86_64-linux-gnu/13/lto-wrapper
OFFLOAD_TARGET_NAMES=nvptx-none
Target: x86_64-linux-gnu
Configured with: ../configure --prefix=/cm/shared/apps/gcc/13.2.0 --enable-languages=c,c++,go,d,fortran,objc,obj-c++,m2 --with-pkgversion='Ubuntu 13.2.0-1ubuntu1~22.04-torel' --with-gcc-major-version-only --program-suffix=-13 --enable-shared --enable-linker-build-id --with-gmp=/cm/shared/apps/gmp/gcc/6.3.0 --with-mpc=/cm/shared/apps/mpc/gcc/u2204/1.3.1 --with-mpfr=/cm/shared/apps/mpfr/gcc/4.2.1 --libexecdir=/cm/shared/apps/gcc/13.2.0/usr/lib --without-included-gettext --enable-threads=posix --libdir=/cm/shared/apps/gcc/13.2.0/usr/lib --enable-nls --enable-clocale=gnu --enable-libstdcxx-debug --enable-libstdcxx-time=yes --with-default-libstdcxx-abi=new --enable-gnu-unique-object --disable-vtable-verify --enable-libmpx --enable-plugin --enable-default-pie --with-system-zlib --enable-libphobos-checking=release --with-target-system-zlib=auto --enable-objc-gc=auto --enable-multiarch --disable-werror --enable-cet --with-arch-32=i686 --with-abi=m64 --with-multilib-list=m32,m64,mx32 --enable-multilib --with-tune=generic --enable-offload-targets=nvptx-none --without-cuda-driver --enable-checking=release --build=x86_64-linux-gnu --host=x86_64-linux-gnu --target=x86_64-linux-gnu --with-build-config=bootstrap-lto-lean --enable-link-serialization=2
Thread model: posix
Supported LTO compression algorithms: zlib zstd
gcc version 13.2.0 (Ubuntu 13.2.0-1ubuntu1~22.04-torel) 
COMPILER_PATH=/cm/shared/apps/gcc/13.2.0/usr/lib/gcc/x86_64-linux-gnu/13/:/cm/shared/apps/gcc/13.2.0/usr/lib/gcc/x86_64-linux-gnu/13/:/cm/shared/apps/gcc/13.2.0/usr/lib/gcc/x86_64-linux-gnu/:/cm/shared/apps/gcc/13.2.0/usr/lib/gcc/x86_64-linux-gnu/13/:/cm/shared/apps/gcc/13.2.0/usr/lib/gcc/x86_64-linux-gnu/
LIBRARY_PATH=/cm/shared/apps/gcc/13.2.0/usr/lib64/../lib64/:/cm/shared/apps/gcc/13.2.0/usr/lib32/../lib64/:/cm/shared/apps/gcc/13.2.0/usr/libx32/../lib64/:/cm/shared/apps/slurm/current/lib64/../lib64/:/cm/shared/apps/gcc/13.2.0/usr/lib/gcc/x86_64-linux-gnu/13/:/cm/shared/apps/gcc/13.2.0/usr/lib/gcc/x86_64-linux-gnu/13/../../../../lib64/:/lib/x86_64-linux-gnu/:/lib/../lib64/:/usr/lib/x86_64-linux-gnu/:/usr/lib/../lib64/:/cm/shared/apps/metis/gcc/5.1.0/lib/:/cm/shared/apps/gcc/13.2.0/usr/lib64/:/cm/shared/apps/gcc/13.2.0/usr/lib32/:/cm/shared/apps/gcc/13.2.0/usr/libx32/:/cm/shared/apps/mpc/gcc/u2204/1.3.1/lib/:/cm/shared/apps/mpfr/gcc/4.2.1/lib/:/cm/shared/apps/gmp/gcc/6.3.0/lib/:/cm/shared/apps/hwloc/gcc/2.9.2/lib/:/cm/shared/apps/slurm/current/lib64/slurm/:/cm/shared/apps/slurm/current/lib64/:/cm/shared/apps/gcc/13.2.0/usr/lib/gcc/x86_64-linux-gnu/13/../../../:/lib/:/usr/lib/
COLLECT_GCC_OPTIONS='-v' '-o' 'cmTC_55fc6' '-mtune=generic' '-march=x86-64' '-dumpdir' 'cmTC_55fc6.'
 /cm/shared/apps/gcc/13.2.0/usr/lib/gcc/x86_64-linux-gnu/13/collect2 -plugin /cm/shared/apps/gcc/13.2.0/usr/lib/gcc/x86_64-linux-gnu/13/liblto_plugin.so -plugin-opt=/cm/shared/apps/gcc/13.2.0/usr/lib/gcc/x86_64-linux-gnu/13/lto-wrapper -plugin-opt=-fresolution=/tmp/cc8l07Sg.res -plugin-opt=-pass-through=-lgcc -plugin-opt=-pass-through=-lgcc_s -plugin-opt=-pass-through=-lc -plugin-opt=-pass-through=-lgcc -plugin-opt=-pass-through=-lgcc_s --build-id --eh-frame-hdr -m elf_x86_64 -dynamic-linker /lib64/ld-linux-x86-64.so.2 -pie -o cmTC_55fc6 /lib/x86_64-linux-gnu/Scrt1.o /lib/x86_64-linux-gnu/crti.o /cm/shared/apps/gcc/13.2.0/usr/lib/gcc/x86_64-linux-gnu/13/crtbeginS.o -L/cm/shared/apps/gcc/13.2.0/usr/lib64/../lib64 -L/cm/shared/apps/gcc/13.2.0/usr/lib32/../lib64 -L/cm/shared/apps/gcc/13.2.0/usr/libx32/../lib64 -L/cm/shared/apps/slurm/current/lib64/../lib64 -L/cm/shared/apps/gcc/13.2.0/usr/lib/gcc/x86_64-linux-gnu/13 -L/cm/shared/apps/gcc/13.2.0/usr/lib/gcc/x86_64-linux-gnu/13/../../../../lib64 -L/lib/x86_64-linux-gnu -L/lib/../lib64 -L/usr/lib/x86_64-linux-gnu -L/usr/lib/../lib64 -L/cm/shared/apps/metis/gcc/5.1.0/lib -L/cm/shared/apps/gcc/13.2.0/usr/lib64 -L/cm/shared/apps/gcc/13.2.0/usr/lib32 -L/cm/shared/apps/gcc/13.2.0/usr/libx32 -L/cm/shared/apps/mpc/gcc/u2204/1.3.1/lib -L/cm/shared/apps/mpfr/gcc/4.2.1/lib -L/cm/shared/apps/gmp/gcc/6.3.0/lib -L/cm/shared/apps/hwloc/gcc/2.9.2/lib -L/cm/shared/apps/slurm/current/lib64/slurm -L/cm/shared/apps/slurm/current/lib64 -L/cm/shared/apps/gcc/13.2.0/usr/lib/gcc/x86_64-linux-gnu/13/../../.. CMakeFiles/cmTC_55fc6.dir/CMakeCCompilerABI.c.o -lgcc --push-state --as-needed -lgcc_s --pop-state -lc -lgcc --push-state --as-needed -lgcc_s --pop-state /cm/shared/apps/gcc/13.2.0/usr/lib/gcc/x86_64-linux-gnu/13/crtendS.o /lib/x86_64-linux-gnu/crtn.o
COLLECT_GCC_OPTIONS='-v' '-o' 'cmTC_55fc6' '-mtune=generic' '-march=x86-64' '-dumpdir' 'cmTC_55fc6.'
gmake[1]: Leaving directory '/home/krisor99/SpMV-Comm-Strats/P3/build/Debug/CMakeFiles/CMakeTmp'



Parsed C implicit include dir info from above output: rv=done
  found start of include info
  found start of implicit include info
    add: [/cm/shared/apps/openmpi4/gcc/4.1.5/include]
    add: [/cm/shared/apps/slurm/current/include]
    add: [/cm/shared/apps/metis/gcc/5.1.0/include]
    add: [/cm/shared/apps/gcc/13.2.0/include]
    add: [/cm/shared/apps/mpc/gcc/u2204/1.3.1/include]
    add: [/cm/shared/apps/mpfr/gcc/4.2.1/include]
    add: [/cm/shared/apps/gmp/gcc/6.3.0/include]
    add: [/cm/shared/apps/hwloc/gcc/2.9.2/include]
    add: [/cm/shared/apps/gcc/13.2.0/usr/lib/gcc/x86_64-linux-gnu/13/include]
    add: [/usr/local/include]
    add: [/cm/shared/apps/gcc/13.2.0/usr/lib/gcc/x86_64-linux-gnu/13/include-fixed/x86_64-linux-gnu]
    add: [/cm/shared/apps/gcc/13.2.0/usr/lib/gcc/x86_64-linux-gnu/13/include-fixed]
    add: [/usr/include/x86_64-linux-gnu]
    add: [/usr/include]
  end of search list found
  collapse include dir [/cm/shared/apps/openmpi4/gcc/4.1.5/include] ==> [/cm/shared/apps/openmpi4/gcc/4.1.5/include]
  collapse include dir [/cm/shared/apps/slurm/current/include] ==> [/cm/shared/apps/slurm/current/include]
  collapse include dir [/cm/shared/apps/metis/gcc/5.1.0/include] ==> [/cm/shared/apps/metis/gcc/5.1.0/include]
  collapse include dir [/cm/shared/apps/gcc/13.2.0/include] ==> [/cm/shared/apps/gcc/13.2.0/include]
  collapse include dir [/cm/shared/apps/mpc/gcc/u2204/1.3.1/include] ==> [/cm/shared/apps/mpc/gcc/u2204/1.3.1/include]
  collapse include dir [/cm/shared/apps/mpfr/gcc/4.2.1/include] ==> [/cm/shared/apps/mpfr/gcc/4.2.1/include]
  collapse include dir [/cm/shared/apps/gmp/gcc/6.3.0/include] ==> [/cm/shared/apps/gmp/gcc/6.3.0/include]
  collapse include dir [/cm/shared/apps/hwloc/gcc/2.9.2/include] ==> [/cm/shared/apps/hwloc/gcc/2.9.2/include]
  collapse include dir [/cm/shared/apps/gcc/13.2.0/usr/lib/gcc/x86_64-linux-gnu/13/include] ==> [/cm/shared/apps/gcc/13.2.0/usr/lib/gcc/x86_64-linux-gnu/13/include]
  collapse include dir [/usr/local/include] ==> [/usr/local/include]
  collapse include dir [/cm/shared/apps/gcc/13.2.0/usr/lib/gcc/x86_64-linux-gnu/13/include-fixed/x86_64-linux-gnu] ==> [/cm/shared/apps/gcc/13.2.0/usr/lib/gcc/x86_64-linux-gnu/13/include-fixed/x86_64-linux-gnu]
  collapse include dir [/cm/shared/apps/gcc/13.2.0/usr/lib/gcc/x86_64-linux-gnu/13/include-fixed] ==> [/cm/shared/apps/gcc/13.2.0/usr/lib/gcc/x86_64-linux-gnu/13/include-fixed]
  collapse include dir [/usr/include/x86_64-linux-gnu] ==> [/usr/include/x86_64-linux-gnu]
  collapse include dir [/usr/include] ==> [/usr/include]
  implicit include dirs: [/cm/shared/apps/openmpi4/gcc/4.1.5/include;/cm/shared/apps/slurm/current/include;/cm/shared/apps/metis/gcc/5.1.0/include;/cm/shared/apps/gcc/13.2.0/include;/cm/shared/apps/mpc/gcc/u2204/1.3.1/include;/cm/shared/apps/mpfr/gcc/4.2.1/include;/cm/shared/apps/gmp/gcc/6.3.0/include;/cm/shared/apps/hwloc/gcc/2.9.2/include;/cm/shared/apps/gcc/13.2.0/usr/lib/gcc/x86_64-linux-gnu/13/include;/usr/local/include;/cm/shared/apps/gcc/13.2.0/usr/lib/gcc/x86_64-linux-gnu/13/include-fixed/x86_64-linux-gnu;/cm/shared/apps/gcc/13.2.0/usr/lib/gcc/x86_64-linux-gnu/13/include-fixed;/usr/include/x86_64-linux-gnu;/usr/include]


Parsed C implicit link information from above output:
  link line regex: [^( *|.*[/\])(ld|CMAKE_LINK_STARTFILE-NOTFOUND|([^/\]+-)?ld|collect2)[^/\]*( |$)]
  ignore line: [Change Dir: /home/krisor99/SpMV-Comm-Strats/P3/build/Debug/CMakeFiles/CMakeTmp]
  ignore line: []
  ignore line: [Run Build Command(s):/usr/bin/gmake -f Makefile cmTC_55fc6/fast && /usr/bin/gmake  -f CMakeFiles/cmTC_55fc6.dir/build.make CMakeFiles/cmTC_55fc6.dir/build]
  ignore line: [gmake[1]: Entering directory '/home/krisor99/SpMV-Comm-Strats/P3/build/Debug/CMakeFiles/CMakeTmp']
  ignore line: [Building C object CMakeFiles/cmTC_55fc6.dir/CMakeCCompilerABI.c.o]
  ignore line: [/cm/shared/apps/gcc/13.2.0/bin/gcc-13   -v -o CMakeFiles/cmTC_55fc6.dir/CMakeCCompilerABI.c.o -c /usr/share/cmake-3.22/Modules/CMakeCCompilerABI.c]
  ignore line: [Using built-in specs.]
  ignore line: [COLLECT_GCC=/cm/shared/apps/gcc/13.2.0/bin/gcc-13]
  ignore line: [OFFLOAD_TARGET_NAMES=nvptx-none]
  ignore line: [Target: x86_64-linux-gnu]
  ignore line: [Configured with: ../configure --prefix=/cm/shared/apps/gcc/13.2.0 --enable-languages=c c++ go d fortran objc obj-c++ m2 --with-pkgversion='Ubuntu 13.2.0-1ubuntu1~22.04-torel' --with-gcc-major-version-only --program-suffix=-13 --enable-shared --enable-linker-build-id --with-gmp=/cm/shared/apps/gmp/gcc/6.3.0 --with-mpc=/cm/shared/apps/mpc/gcc/u2204/1.3.1 --with-mpfr=/cm/shared/apps/mpfr/gcc/4.2.1 --libexecdir=/cm/shared/apps/gcc/13.2.0/usr/lib --without-included-gettext --enable-threads=posix --libdir=/cm/shared/apps/gcc/13.2.0/usr/lib --enable-nls --enable-clocale=gnu --enable-libstdcxx-debug --enable-libstdcxx-time=yes --with-default-libstdcxx-abi=new --enable-gnu-unique-object --disable-vtable-verify --enable-libmpx --enable-plugin --enable-default-pie --with-system-zlib --enable-libphobos-checking=release --with-target-system-zlib=auto --enable-objc-gc=auto --enable-multiarch --disable-werror --enable-cet --with-arch-32=i686 --with-abi=m64 --with-multilib-list=m32 m64 mx32 --enable-multilib --with-tune=generic --enable-offload-targets=nvptx-none --without-cuda-driver --enable-checking=release --build=x86_64-linux-gnu --host=x86_64-linux-gnu --target=x86_64-linux-gnu --with-build-config=bootstrap-lto-lean --enable-link-serialization=2]
  ignore line: [Thread model: posix]
  ignore line: [Supported LTO compression algorithms: zlib zstd]
  ignore line: [gcc version 13.2.0 (Ubuntu 13.2.0-1ubuntu1~22.04-torel) ]
  ignore line: [COLLECT_GCC_OPTIONS='-v' '-o' 'CMakeFiles/cmTC_55fc6.dir/CMakeCCompilerABI.c.o' '-c' '-mtune=generic' '-march=x86-64' '-dumpdir' 'CMakeFiles/cmTC_55fc6.dir/']
  ignore line: [ /cm/shared/apps/gcc/13.2.0/usr/lib/gcc/x86_64-linux-gnu/13/cc1 -quiet -v -imultiarch x86_64-linux-gnu /usr/share/cmake-3.22/Modules/CMakeCCompilerABI.c -quiet -dumpdir CMakeFiles/cmTC_55fc6.dir/ -dumpbase CMakeCCompilerABI.c.c -dumpbase-ext .c -mtune=generic -march=x86-64 -version -o /tmp/ccd8XStO.s]
  ignore line: [GNU C17 (Ubuntu 13.2.0-1ubuntu1~22.04-torel) version 13.2.0 (x86_64-linux-gnu)]
  ignore line: [	compiled by GNU C version 13.2.0  GMP version 6.3.0  MPFR version 4.2.1  MPC version 1.3.1  isl version isl-0.24-GMP]
  ignore line: []
  ignore line: [GGC heuristics: --param ggc-min-expand=100 --param ggc-min-heapsize=131072]
  ignore line: [ignoring nonexistent directory "/usr/local/include/x86_64-linux-gnu"]
  ignore line: [ignoring duplicate directory "/cm/shared/apps/gcc/13.2.0/include"]
  ignore line: [ignoring nonexistent directory "/cm/shared/apps/gcc/13.2.0/usr/lib/gcc/x86_64-linux-gnu/13/../../../../../x86_64-linux-gnu/include"]
  ignore line: [#include "..." search starts here:]
  ignore line: [#include <...> search starts here:]
  ignore line: [ /cm/shared/apps/openmpi4/gcc/4.1.5/include]
  ignore line: [ /cm/shared/apps/slurm/current/include]
  ignore line: [ /cm/shared/apps/metis/gcc/5.1.0/include]
  ignore line: [ /cm/shared/apps/gcc/13.2.0/include]
  ignore line: [ /cm/shared/apps/mpc/gcc/u2204/1.3.1/include]
  ignore line: [ /cm/shared/apps/mpfr/gcc/4.2.1/include]
  ignore line: [ /cm/shared/apps/gmp/gcc/6.3.0/include]
  ignore line: [ /cm/shared/apps/hwloc/gcc/2.9.2/include]
  ignore line: [ /cm/shared/apps/gcc/13.2.0/usr/lib/gcc/x86_64-linux-gnu/13/include]
  ignore line: [ /usr/local/include]
  ignore line: [ /cm/shared/apps/gcc/13.2.0/usr/lib/gcc/x86_64-linux-gnu/13/include-fixed/x86_64-linux-gnu]
  ignore line: [ /cm/shared/apps/gcc/13.2.0/usr/lib/gcc/x86_64-linux-gnu/13/include-fixed]
  ignore line: [ /usr/include/x86_64-linux-gnu]
  ignore line: [ /usr/include]
  ignore line: [End of search list.]
  ignore line: [Compiler executable checksum: d4eec267d49630bbfb0c9557d8b75b0d]
  ignore line: [COLLECT_GCC_OPTIONS='-v' '-o' 'CMakeFiles/cmTC_55fc6.dir/CMakeCCompilerABI.c.o' '-c' '-mtune=generic' '-march=x86-64' '-dumpdir' 'CMakeFiles/cmTC_55fc6.dir/']
  ignore line: [ as -v --64 -o CMakeFiles/cmTC_55fc6.dir/CMakeCCompilerABI.c.o /tmp/ccd8XStO.s]
  ignore line: [GNU assembler version 2.38 (x86_64-linux-gnu) using BFD version (GNU Binutils for Ubuntu) 2.38]
  ignore line: [COMPILER_PATH=/cm/shared/apps/gcc/13.2.0/usr/lib/gcc/x86_64-linux-gnu/13/:/cm/shared/apps/gcc/13.2.0/usr/lib/gcc/x86_64-linux-gnu/13/:/cm/shared/apps/gcc/13.2.0/usr/lib/gcc/x86_64-linux-gnu/:/cm/shared/apps/gcc/13.2.0/usr/lib/gcc/x86_64-linux-gnu/13/:/cm/shared/apps/gcc/13.2.0/usr/lib/gcc/x86_64-linux-gnu/]
  ignore line: [LIBRARY_PATH=/cm/shared/apps/gcc/13.2.0/usr/lib64/../lib64/:/cm/shared/apps/gcc/13.2.0/usr/lib32/../lib64/:/cm/shared/apps/gcc/13.2.0/usr/libx32/../lib64/:/cm/shared/apps/slurm/current/lib64/../lib64/:/cm/shared/apps/gcc/13.2.0/usr/lib/gcc/x86_64-linux-gnu/13/:/cm/shared/apps/gcc/13.2.0/usr/lib/gcc/x86_64-linux-gnu/13/../../../../lib64/:/lib/x86_64-linux-gnu/:/lib/../lib64/:/usr/lib/x86_64-linux-gnu/:/usr/lib/../lib64/:/cm/shared/apps/metis/gcc/5.1.0/lib/:/cm/shared/apps/gcc/13.2.0/usr/lib64/:/cm/shared/apps/gcc/13.2.0/usr/lib32/:/cm/shared/apps/gcc/13.2.0/usr/libx32/:/cm/shared/apps/mpc/gcc/u2204/1.3.1/lib/:/cm/shared/apps/mpfr/gcc/4.2.1/lib/:/cm/shared/apps/gmp/gcc/6.3.0/lib/:/cm/shared/apps/hwloc/gcc/2.9.2/lib/:/cm/shared/apps/slurm/current/lib64/slurm/:/cm/shared/apps/slurm/current/lib64/:/cm/shared/apps/gcc/13.2.0/usr/lib/gcc/x86_64-linux-gnu/13/../../../:/lib/:/usr/lib/]
  ignore line: [COLLECT_GCC_OPTIONS='-v' '-o' 'CMakeFiles/cmTC_55fc6.dir/CMakeCCompilerABI.c.o' '-c' '-mtune=generic' '-march=x86-64' '-dumpdir' 'CMakeFiles/cmTC_55fc6.dir/CMakeCCompilerABI.c.']
  ignore line: [Linking C executable cmTC_55fc6]
  ignore line: [/usr/bin/cmake -E cmake_link_script CMakeFiles/cmTC_55fc6.dir/link.txt --verbose=1]
  ignore line: [/cm/shared/apps/gcc/13.2.0/bin/gcc-13  -v CMakeFiles/cmTC_55fc6.dir/CMakeCCompilerABI.c.o -o cmTC_55fc6 ]
  ignore line: [Using built-in specs.]
  ignore line: [COLLECT_GCC=/cm/shared/apps/gcc/13.2.0/bin/gcc-13]
  ignore line: [COLLECT_LTO_WRAPPER=/cm/shared/apps/gcc/13.2.0/usr/lib/gcc/x86_64-linux-gnu/13/lto-wrapper]
  ignore line: [OFFLOAD_TARGET_NAMES=nvptx-none]
  ignore line: [Target: x86_64-linux-gnu]
  ignore line: [Configured with: ../configure --prefix=/cm/shared/apps/gcc/13.2.0 --enable-languages=c c++ go d fortran objc obj-c++ m2 --with-pkgversion='Ubuntu 13.2.0-1ubuntu1~22.04-torel' --with-gcc-major-version-only --program-suffix=-13 --enable-shared --enable-linker-build-id --with-gmp=/cm/shared/apps/gmp/gcc/6.3.0 --with-mpc=/cm/shared/apps/mpc/gcc/u2204/1.3.1 --with-mpfr=/cm/shared/apps/mpfr/gcc/4.2.1 --libexecdir=/cm/shared/apps/gcc/13.2.0/usr/lib --without-included-gettext --enable-threads=posix --libdir=/cm/shared/apps/gcc/13.2.0/usr/lib --enable-nls --enable-clocale=gnu --enable-libstdcxx-debug --enable-libstdcxx-time=yes --with-default-libstdcxx-abi=new --enable-gnu-unique-object --disable-vtable-verify --enable-libmpx --enable-plugin --enable-default-pie --with-system-zlib --enable-libphobos-checking=release --with-target-system-zlib=auto --enable-objc-gc=auto --enable-multiarch --disable-werror --enable-cet --with-arch-32=i686 --with-abi=m64 --with-multilib-list=m32 m64 mx32 --enable-multilib --with-tune=generic --enable-offload-targets=nvptx-none --without-cuda-driver --enable-checking=release --build=x86_64-linux-gnu --host=x86_64-linux-gnu --target=x86_64-linux-gnu --with-build-config=bootstrap-lto-lean --enable-link-serialization=2]
  ignore line: [Thread model: posix]
  ignore line: [Supported LTO compression algorithms: zlib zstd]
  ignore line: [gcc version 13.2.0 (Ubuntu 13.2.0-1ubuntu1~22.04-torel) ]
  ignore line: [COMPILER_PATH=/cm/shared/apps/gcc/13.2.0/usr/lib/gcc/x86_64-linux-gnu/13/:/cm/shared/apps/gcc/13.2.0/usr/lib/gcc/x86_64-linux-gnu/13/:/cm/shared/apps/gcc/13.2.0/usr/lib/gcc/x86_64-linux-gnu/:/cm/shared/apps/gcc/13.2.0/usr/lib/gcc/x86_64-linux-gnu/13/:/cm/shared/apps/gcc/13.2.0/usr/lib/gcc/x86_64-linux-gnu/]
  ignore line: [LIBRARY_PATH=/cm/shared/apps/gcc/13.2.0/usr/lib64/../lib64/:/cm/shared/apps/gcc/13.2.0/usr/lib32/../lib64/:/cm/shared/apps/gcc/13.2.0/usr/libx32/../lib64/:/cm/shared/apps/slurm/current/lib64/../lib64/:/cm/shared/apps/gcc/13.2.0/usr/lib/gcc/x86_64-linux-gnu/13/:/cm/shared/apps/gcc/13.2.0/usr/lib/gcc/x86_64-linux-gnu/13/../../../../lib64/:/lib/x86_64-linux-gnu/:/lib/../lib64/:/usr/lib/x86_64-linux-gnu/:/usr/lib/../lib64/:/cm/shared/apps/metis/gcc/5.1.0/lib/:/cm/shared/apps/gcc/13.2.0/usr/lib64/:/cm/shared/apps/gcc/13.2.0/usr/lib32/:/cm/shared/apps/gcc/13.2.0/usr/libx32/:/cm/shared/apps/mpc/gcc/u2204/1.3.1/lib/:/cm/shared/apps/mpfr/gcc/4.2.1/lib/:/cm/shared/apps/gmp/gcc/6.3.0/lib/:/cm/shared/apps/hwloc/gcc/2.9.2/lib/:/cm/shared/apps/slurm/current/lib64/slurm/:/cm/shared/apps/slurm/current/lib64/:/cm/shared/apps/gcc/13.2.0/usr/lib/gcc/x86_64-linux-gnu/13/../../../:/lib/:/usr/lib/]
  ignore line: [COLLECT_GCC_OPTIONS='-v' '-o' 'cmTC_55fc6' '-mtune=generic' '-march=x86-64' '-dumpdir' 'cmTC_55fc6.']
  link line: [ /cm/shared/apps/gcc/13.2.0/usr/lib/gcc/x86_64-linux-gnu/13/collect2 -plugin /cm/shared/apps/gcc/13.2.0/usr/lib/gcc/x86_64-linux-gnu/13/liblto_plugin.so -plugin-opt=/cm/shared/apps/gcc/13.2.0/usr/lib/gcc/x86_64-linux-gnu/13/lto-wrapper -plugin-opt=-fresolution=/tmp/cc8l07Sg.res -plugin-opt=-pass-through=-lgcc -plugin-opt=-pass-through=-lgcc_s -plugin-opt=-pass-through=-lc -plugin-opt=-pass-through=-lgcc -plugin-opt=-pass-through=-lgcc_s --build-id --eh-frame-hdr -m elf_x86_64 -dynamic-linker /lib64/ld-linux-x86-64.so.2 -pie -o cmTC_55fc6 /lib/x86_64-linux-gnu/Scrt1.o /lib/x86_64-linux-gnu/crti.o /cm/shared/apps/gcc/13.2.0/usr/lib/gcc/x86_64-linux-gnu/13/crtbeginS.o -L/cm/shared/apps/gcc/13.2.0/usr/lib64/../lib64 -L/cm/shared/apps/gcc/13.2.0/usr/lib32/../lib64 -L/cm/shared/apps/gcc/13.2.0/usr/libx32/../lib64 -L/cm/shared/apps/slurm/current/lib64/../lib64 -L/cm/shared/apps/gcc/13.2.0/usr/lib/gcc/x86_64-linux-gnu/13 -L/cm/shared/apps/gcc/13.2.0/usr/lib/gcc/x86_64-linux-gnu/13/../../../../lib64 -L/lib/x86_64-linux-gnu -L/lib/../lib64 -L/usr/lib/x86_64-linux-gnu -L/usr/lib/../lib64 -L/cm/shared/apps/metis/gcc/5.1.0/lib -L/cm/shared/apps/gcc/13.2.0/usr/lib64 -L/cm/shared/apps/gcc/13.2.0/usr/lib32 -L/cm/shared/apps/gcc/13.2.0/usr/libx32 -L/cm/shared/apps/mpc/gcc/u2204/1.3.1/lib -L/cm/shared/apps/mpfr/gcc/4.2.1/lib -L/cm/shared/apps/gmp/gcc/6.3.0/lib -L/cm/shared/apps/hwloc/gcc/2.9.2/lib -L/cm/shared/apps/slurm/current/lib64/slurm -L/cm/shared/apps/slurm/current/lib64 -L/cm/shared/apps/gcc/13.2.0/usr/lib/gcc/x86_64-linux-gnu/13/../../.. CMakeFiles/cmTC_55fc6.dir/CMakeCCompilerABI.c.o -lgcc --push-state --as-needed -lgcc_s --pop-state -lc -lgcc --push-state --as-needed -lgcc_s --pop-state /cm/shared/apps/gcc/13.2.0/usr/lib/gcc/x86_64-linux-gnu/13/crtendS.o /lib/x86_64-linux-gnu/crtn.o]
    arg [/cm/shared/apps/gcc/13.2.0/usr/lib/gcc/x86_64-linux-gnu/13/collect2] ==> ignore
    arg [-plugin] ==> ignore
    arg [/cm/shared/apps/gcc/13.2.0/usr/lib/gcc/x86_64-linux-gnu/13/liblto_plugin.so] ==> ignore
    arg [-plugin-opt=/cm/shared/apps/gcc/13.2.0/usr/lib/gcc/x86_64-linux-gnu/13/lto-wrapper] ==> ignore
    arg [-plugin-opt=-fresolution=/tmp/cc8l07Sg.res] ==> ignore
    arg [-plugin-opt=-pass-through=-lgcc] ==> ignore
    arg [-plugin-opt=-pass-through=-lgcc_s] ==> ignore
    arg [-plugin-opt=-pass-through=-lc] ==> ignore
    arg [-plugin-opt=-pass-through=-lgcc] ==> ignore
    arg [-plugin-opt=-pass-through=-lgcc_s] ==> ignore
    arg [--build-id] ==> ignore
    arg [--eh-frame-hdr] ==> ignore
    arg [-m] ==> ignore
    arg [elf_x86_64] ==> ignore
    arg [-dynamic-linker] ==> ignore
    arg [/lib64/ld-linux-x86-64.so.2] ==> ignore
    arg [-pie] ==> ignore
    arg [-o] ==> ignore
    arg [cmTC_55fc6] ==> ignore
    arg [/lib/x86_64-linux-gnu/Scrt1.o] ==> obj [/lib/x86_64-linux-gnu/Scrt1.o]
    arg [/lib/x86_64-linux-gnu/crti.o] ==> obj [/lib/x86_64-linux-gnu/crti.o]
    arg [/cm/shared/apps/gcc/13.2.0/usr/lib/gcc/x86_64-linux-gnu/13/crtbeginS.o] ==> obj [/cm/shared/apps/gcc/13.2.0/usr/lib/gcc/x86_64-linux-gnu/13/crtbeginS.o]
    arg [-L/cm/shared/apps/gcc/13.2.0/usr/lib64/../lib64] ==> dir [/cm/shared/apps/gcc/13.2.0/usr/lib64/../lib64]
    arg [-L/cm/shared/apps/gcc/13.2.0/usr/lib32/../lib64] ==> dir [/cm/shared/apps/gcc/13.2.0/usr/lib32/../lib64]
    arg [-L/cm/shared/apps/gcc/13.2.0/usr/libx32/../lib64] ==> dir [/cm/shared/apps/gcc/13.2.0/usr/libx32/../lib64]
    arg [-L/cm/shared/apps/slurm/current/lib64/../lib64] ==> dir [/cm/shared/apps/slurm/current/lib64/../lib64]
    arg [-L/cm/shared/apps/gcc/13.2.0/usr/lib/gcc/x86_64-linux-gnu/13] ==> dir [/cm/shared/apps/gcc/13.2.0/usr/lib/gcc/x86_64-linux-gnu/13]
    arg [-L/cm/shared/apps/gcc/13.2.0/usr/lib/gcc/x86_64-linux-gnu/13/../../../../lib64] ==> dir [/cm/shared/apps/gcc/13.2.0/usr/lib/gcc/x86_64-linux-gnu/13/../../../../lib64]
    arg [-L/lib/x86_64-linux-gnu] ==> dir [/lib/x86_64-linux-gnu]
    arg [-L/lib/../lib64] ==> dir [/lib/../lib64]
    arg [-L/usr/lib/x86_64-linux-gnu] ==> dir [/usr/lib/x86_64-linux-gnu]
    arg [-L/usr/lib/../lib64] ==> dir [/usr/lib/../lib64]
    arg [-L/cm/shared/apps/metis/gcc/5.1.0/lib] ==> dir [/cm/shared/apps/metis/gcc/5.1.0/lib]
    arg [-L/cm/shared/apps/gcc/13.2.0/usr/lib64] ==> dir [/cm/shared/apps/gcc/13.2.0/usr/lib64]
    arg [-L/cm/shared/apps/gcc/13.2.0/usr/lib32] ==> dir [/cm/shared/apps/gcc/13.2.0/usr/lib32]
    arg [-L/cm/shared/apps/gcc/13.2.0/usr/libx32] ==> dir [/cm/shared/apps/gcc/13.2.0/usr/libx32]
    arg [-L/cm/shared/apps/mpc/gcc/u2204/1.3.1/lib] ==> dir [/cm/shared/apps/mpc/gcc/u2204/1.3.1/lib]
    arg [-L/cm/shared/apps/mpfr/gcc/4.2.1/lib] ==> dir [/cm/shared/apps/mpfr/gcc/4.2.1/lib]
    arg [-L/cm/shared/apps/gmp/gcc/6.3.0/lib] ==> dir [/cm/shared/apps/gmp/gcc/6.3.0/lib]
    arg [-L/cm/shared/apps/hwloc/gcc/2.9.2/lib] ==> dir [/cm/shared/apps/hwloc/gcc/2.9.2/lib]
    arg [-L/cm/shared/apps/slurm/current/lib64/slurm] ==> dir [/cm/shared/apps/slurm/current/lib64/slurm]
    arg [-L/cm/shared/apps/slurm/current/lib64] ==> dir [/cm/shared/apps/slurm/current/lib64]
    arg [-L/cm/shared/apps/gcc/13.2.0/usr/lib/gcc/x86_64-linux-gnu/13/../../..] ==> dir [/cm/shared/apps/gcc/13.2.0/usr/lib/gcc/x86_64-linux-gnu/13/../../..]
    arg [CMakeFiles/cmTC_55fc6.dir/CMakeCCompilerABI.c.o] ==> ignore
    arg [-lgcc] ==> lib [gcc]
    arg [--push-state] ==> ignore
    arg [--as-needed] ==> ignore
    arg [-lgcc_s] ==> lib [gcc_s]
    arg [--pop-state] ==> ignore
    arg [-lc] ==> lib [c]
    arg [-lgcc] ==> lib [gcc]
    arg [--push-state] ==> ignore
    arg [--as-needed] ==> ignore
    arg [-lgcc_s] ==> lib [gcc_s]
    arg [--pop-state] ==> ignore
    arg [/cm/shared/apps/gcc/13.2.0/usr/lib/gcc/x86_64-linux-gnu/13/crtendS.o] ==> obj [/cm/shared/apps/gcc/13.2.0/usr/lib/gcc/x86_64-linux-gnu/13/crtendS.o]
    arg [/lib/x86_64-linux-gnu/crtn.o] ==> obj [/lib/x86_64-linux-gnu/crtn.o]
  collapse library dir [/cm/shared/apps/gcc/13.2.0/usr/lib64/../lib64] ==> [/cm/shared/apps/gcc/13.2.0/usr/lib64]
  collapse library dir [/cm/shared/apps/gcc/13.2.0/usr/lib32/../lib64] ==> [/cm/shared/apps/gcc/13.2.0/usr/lib64]
  collapse library dir [/cm/shared/apps/gcc/13.2.0/usr/libx32/../lib64] ==> [/cm/shared/apps/gcc/13.2.0/usr/lib64]
  collapse library dir [/cm/shared/apps/slurm/current/lib64/../lib64] ==> [/cm/shared/apps/slurm/current/lib64]
  collapse library dir [/cm/shared/apps/gcc/13.2.0/usr/lib/gcc/x86_64-linux-gnu/13] ==> [/cm/shared/apps/gcc/13.2.0/usr/lib/gcc/x86_64-linux-gnu/13]
  collapse library dir [/cm/shared/apps/gcc/13.2.0/usr/lib/gcc/x86_64-linux-gnu/13/../../../../lib64] ==> [/cm/shared/apps/gcc/13.2.0/usr/lib64]
  collapse library dir [/lib/x86_64-linux-gnu] ==> [/lib/x86_64-linux-gnu]
  collapse library dir [/lib/../lib64] ==> [/lib64]
  collapse library dir [/usr/lib/x86_64-linux-gnu] ==> [/usr/lib/x86_64-linux-gnu]
  collapse library dir [/usr/lib/../lib64] ==> [/usr/lib64]
  collapse library dir [/cm/shared/apps/metis/gcc/5.1.0/lib] ==> [/cm/shared/apps/metis/gcc/5.1.0/lib]
  collapse library dir [/cm/shared/apps/gcc/13.2.0/usr/lib64] ==> [/cm/shared/apps/gcc/13.2.0/usr/lib64]
  collapse library dir [/cm/shared/apps/gcc/13.2.0/usr/lib32] ==> [/cm/shared/apps/gcc/13.2.0/usr/lib32]
  collapse library dir [/cm/shared/apps/gcc/13.2.0/usr/libx32] ==> [/cm/shared/apps/gcc/13.2.0/usr/libx32]
  collapse library dir [/cm/shared/apps/mpc/gcc/u2204/1.3.1/lib] ==> [/cm/shared/apps/mpc/gcc/u2204/1.3.1/lib]
  collapse library dir [/cm/shared/apps/mpfr/gcc/4.2.1/lib] ==> [/cm/shared/apps/mpfr/gcc/4.2.1/lib]
  collapse library dir [/cm/shared/apps/gmp/gcc/6.3.0/lib] ==> [/cm/shared/apps/gmp/gcc/6.3.0/lib]
  collapse library dir [/cm/shared/apps/hwloc/gcc/2.9.2/lib] ==> [/cm/shared/apps/hwloc/gcc/2.9.2/lib]
  collapse library dir [/cm/shared/apps/slurm/current/lib64/slurm] ==> [/cm/shared/apps/slurm/current/lib64/slurm]
  collapse library dir [/cm/shared/apps/slurm/current/lib64] ==> [/cm/shared/apps/slurm/current/lib64]
  collapse library dir [/cm/shared/apps/gcc/13.2.0/usr/lib/gcc/x86_64-linux-gnu/13/../../..] ==> [/cm/shared/apps/gcc/13.2.0/usr/lib]
  implicit libs: [gcc;gcc_s;c;gcc;gcc_s]
  implicit objs: [/lib/x86_64-linux-gnu/Scrt1.o;/lib/x86_64-linux-gnu/crti.o;/cm/shared/apps/gcc/13.2.0/usr/lib/gcc/x86_64-linux-gnu/13/crtbeginS.o;/cm/shared/apps/gcc/13.2.0/usr/lib/gcc/x86_64-linux-gnu/13/crtendS.o;/lib/x86_64-linux-gnu/crtn.o]
  implicit dirs: [/cm/shared/apps/gcc/13.2.0/usr/lib64;/cm/shared/apps/slurm/current/lib64;/cm/shared/apps/gcc/13.2.0/usr/lib/gcc/x86_64-linux-gnu/13;/lib/x86_64-linux-gnu;/lib64;/usr/lib/x86_64-linux-gnu;/usr/lib64;/cm/shared/apps/metis/gcc/5.1.0/lib;/cm/shared/apps/gcc/13.2.0/usr/lib32;/cm/shared/apps/gcc/13.2.0/usr/libx32;/cm/shared/apps/mpc/gcc/u2204/1.3.1/lib;/cm/shared/apps/mpfr/gcc/4.2.1/lib;/cm/shared/apps/gmp/gcc/6.3.0/lib;/cm/shared/apps/hwloc/gcc/2.9.2/lib;/cm/shared/apps/slurm/current/lib64/slurm;/cm/shared/apps/gcc/13.2.0/usr/lib]
  implicit fwks: []


Detecting C OpenMP compiler ABI info compiled with the following output:
Change Dir: /home/krisor99/SpMV-Comm-Strats/P3/build/Debug/CMakeFiles/CMakeTmp

Run Build Command(s):/usr/bin/gmake -f Makefile cmTC_68d09/fast && /usr/bin/gmake  -f CMakeFiles/cmTC_68d09.dir/build.make CMakeFiles/cmTC_68d09.dir/build
gmake[1]: Entering directory '/home/krisor99/SpMV-Comm-Strats/P3/build/Debug/CMakeFiles/CMakeTmp'
Building C object CMakeFiles/cmTC_68d09.dir/OpenMPTryFlag.c.o
/cm/shared/apps/gcc/13.2.0/bin/gcc-13   -fopenmp -v -std=gnu11 -o CMakeFiles/cmTC_68d09.dir/OpenMPTryFlag.c.o -c /home/krisor99/SpMV-Comm-Strats/P3/build/Debug/CMakeFiles/FindOpenMP/OpenMPTryFlag.c
Using built-in specs.
COLLECT_GCC=/cm/shared/apps/gcc/13.2.0/bin/gcc-13
OFFLOAD_TARGET_NAMES=nvptx-none
Target: x86_64-linux-gnu
Configured with: ../configure --prefix=/cm/shared/apps/gcc/13.2.0 --enable-languages=c,c++,go,d,fortran,objc,obj-c++,m2 --with-pkgversion='Ubuntu 13.2.0-1ubuntu1~22.04-torel' --with-gcc-major-version-only --program-suffix=-13 --enable-shared --enable-linker-build-id --with-gmp=/cm/shared/apps/gmp/gcc/6.3.0 --with-mpc=/cm/shared/apps/mpc/gcc/u2204/1.3.1 --with-mpfr=/cm/shared/apps/mpfr/gcc/4.2.1 --libexecdir=/cm/shared/apps/gcc/13.2.0/usr/lib --without-included-gettext --enable-threads=posix --libdir=/cm/shared/apps/gcc/13.2.0/usr/lib --enable-nls --enable-clocale=gnu --enable-libstdcxx-debug --enable-libstdcxx-time=yes --with-default-libstdcxx-abi=new --enable-gnu-unique-object --disable-vtable-verify --enable-libmpx --enable-plugin --enable-default-pie --with-system-zlib --enable-libphobos-checking=release --with-target-system-zlib=auto --enable-objc-gc=auto --enable-multiarch --disable-werror --enable-cet --with-arch-32=i686 --with-abi=m64 --with-multilib-list=m32,m64,mx32 --enable-multilib --with-tune=generic --enable-offload-targets=nvptx-none --without-cuda-driver --enable-checking=release --build=x86_64-linux-gnu --host=x86_64-linux-gnu --target=x86_64-linux-gnu --with-build-config=bootstrap-lto-lean --enable-link-serialization=2
Thread model: posix
Supported LTO compression algorithms: zlib zstd
gcc version 13.2.0 (Ubuntu 13.2.0-1ubuntu1~22.04-torel) 
COLLECT_GCC_OPTIONS='-fopenmp' '-v' '-std=gnu11' '-o' 'CMakeFiles/cmTC_68d09.dir/OpenMPTryFlag.c.o' '-c' '-mtune=generic' '-march=x86-64' '-pthread' '-dumpdir' 'CMakeFiles/cmTC_68d09.dir/'
 /cm/shared/apps/gcc/13.2.0/usr/lib/gcc/x86_64-linux-gnu/13/cc1 -quiet -v -imultiarch x86_64-linux-gnu -D_REENTRANT /home/krisor99/SpMV-Comm-Strats/P3/build/Debug/CMakeFiles/FindOpenMP/OpenMPTryFlag.c -quiet -dumpdir CMakeFiles/cmTC_68d09.dir/ -dumpbase OpenMPTryFlag.c.c -dumpbase-ext .c -mtune=generic -march=x86-64 -std=gnu11 -version -fopenmp -o /tmp/ccXdFfjb.s
GNU C11 (Ubuntu 13.2.0-1ubuntu1~22.04-torel) version 13.2.0 (x86_64-linux-gnu)
	compiled by GNU C version 13.2.0, GMP version 6.3.0, MPFR version 4.2.1, MPC version 1.3.1, isl version isl-0.24-GMP

GGC heuristics: --param ggc-min-expand=100 --param ggc-min-heapsize=131072
ignoring nonexistent directory "/usr/local/include/x86_64-linux-gnu"
ignoring duplicate directory "/cm/shared/apps/gcc/13.2.0/include"
ignoring nonexistent directory "/cm/shared/apps/gcc/13.2.0/usr/lib/gcc/x86_64-linux-gnu/13/../../../../../x86_64-linux-gnu/include"
#include "..." search starts here:
#include <...> search starts here:
 /cm/shared/apps/openmpi4/gcc/4.1.5/include
 /cm/shared/apps/slurm/current/include
 /cm/shared/apps/metis/gcc/5.1.0/include
 /cm/shared/apps/gcc/13.2.0/include
 /cm/shared/apps/mpc/gcc/u2204/1.3.1/include
 /cm/shared/apps/mpfr/gcc/4.2.1/include
 /cm/shared/apps/gmp/gcc/6.3.0/include
 /cm/shared/apps/hwloc/gcc/2.9.2/include
 /cm/shared/apps/gcc/13.2.0/usr/lib/gcc/x86_64-linux-gnu/13/include
 /usr/local/include
 /cm/shared/apps/gcc/13.2.0/usr/lib/gcc/x86_64-linux-gnu/13/include-fixed/x86_64-linux-gnu
 /cm/shared/apps/gcc/13.2.0/usr/lib/gcc/x86_64-linux-gnu/13/include-fixed
 /usr/include/x86_64-linux-gnu
 /usr/include
End of search list.
Compiler executable checksum: d4eec267d49630bbfb0c9557d8b75b0d
COLLECT_GCC_OPTIONS='-fopenmp' '-v' '-std=gnu11' '-o' 'CMakeFiles/cmTC_68d09.dir/OpenMPTryFlag.c.o' '-c' '-mtune=generic' '-march=x86-64' '-pthread' '-dumpdir' 'CMakeFiles/cmTC_68d09.dir/'
 as -v --64 -o CMakeFiles/cmTC_68d09.dir/OpenMPTryFlag.c.o /tmp/ccXdFfjb.s
GNU assembler version 2.38 (x86_64-linux-gnu) using BFD version (GNU Binutils for Ubuntu) 2.38
COMPILER_PATH=/cm/shared/apps/gcc/13.2.0/usr/lib/gcc/x86_64-linux-gnu/13/:/cm/shared/apps/gcc/13.2.0/usr/lib/gcc/x86_64-linux-gnu/13/:/cm/shared/apps/gcc/13.2.0/usr/lib/gcc/x86_64-linux-gnu/:/cm/shared/apps/gcc/13.2.0/usr/lib/gcc/x86_64-linux-gnu/13/:/cm/shared/apps/gcc/13.2.0/usr/lib/gcc/x86_64-linux-gnu/
LIBRARY_PATH=/cm/shared/apps/gcc/13.2.0/usr/lib64/../lib64/:/cm/shared/apps/gcc/13.2.0/usr/lib32/../lib64/:/cm/shared/apps/gcc/13.2.0/usr/libx32/../lib64/:/cm/shared/apps/slurm/current/lib64/../lib64/:/cm/shared/apps/gcc/13.2.0/usr/lib/gcc/x86_64-linux-gnu/13/:/cm/shared/apps/gcc/13.2.0/usr/lib/gcc/x86_64-linux-gnu/13/../../../../lib64/:/lib/x86_64-linux-gnu/:/lib/../lib64/:/usr/lib/x86_64-linux-gnu/:/usr/lib/../lib64/:/cm/shared/apps/metis/gcc/5.1.0/lib/:/cm/shared/apps/gcc/13.2.0/usr/lib64/:/cm/shared/apps/gcc/13.2.0/usr/lib32/:/cm/shared/apps/gcc/13.2.0/usr/libx32/:/cm/shared/apps/mpc/gcc/u2204/1.3.1/lib/:/cm/shared/apps/mpfr/gcc/4.2.1/lib/:/cm/shared/apps/gmp/gcc/6.3.0/lib/:/cm/shared/apps/hwloc/gcc/2.9.2/lib/:/cm/shared/apps/slurm/current/lib64/slurm/:/cm/shared/apps/slurm/current/lib64/:/cm/shared/apps/gcc/13.2.0/usr/lib/gcc/x86_64-linux-gnu/13/../../../:/lib/:/usr/lib/
COLLECT_GCC_OPTIONS='-fopenmp' '-v' '-std=gnu11' '-o' 'CMakeFiles/cmTC_68d09.dir/OpenMPTryFlag.c.o' '-c' '-mtune=generic' '-march=x86-64' '-pthread' '-dumpdir' 'CMakeFiles/cmTC_68d09.dir/OpenMPTryFlag.c.'
Linking C executable cmTC_68d09
/usr/bin/cmake -E cmake_link_script CMakeFiles/cmTC_68d09.dir/link.txt --verbose=1
/cm/shared/apps/gcc/13.2.0/bin/gcc-13  -fopenmp -v CMakeFiles/cmTC_68d09.dir/OpenMPTryFlag.c.o -o cmTC_68d09  -v 
Using built-in specs.
COLLECT_GCC=/cm/shared/apps/gcc/13.2.0/bin/gcc-13
COLLECT_LTO_WRAPPER=/cm/shared/apps/gcc/13.2.0/usr/lib/gcc/x86_64-linux-gnu/13/lto-wrapper
OFFLOAD_TARGET_NAMES=nvptx-none
Target: x86_64-linux-gnu
Configured with: ../configure --prefix=/cm/shared/apps/gcc/13.2.0 --enable-languages=c,c++,go,d,fortran,objc,obj-c++,m2 --with-pkgversion='Ubuntu 13.2.0-1ubuntu1~22.04-torel' --with-gcc-major-version-only --program-suffix=-13 --enable-shared --enable-linker-build-id --with-gmp=/cm/shared/apps/gmp/gcc/6.3.0 --with-mpc=/cm/shared/apps/mpc/gcc/u2204/1.3.1 --with-mpfr=/cm/shared/apps/mpfr/gcc/4.2.1 --libexecdir=/cm/shared/apps/gcc/13.2.0/usr/lib --without-included-gettext --enable-threads=posix --libdir=/cm/shared/apps/gcc/13.2.0/usr/lib --enable-nls --enable-clocale=gnu --enable-libstdcxx-debug --enable-libstdcxx-time=yes --with-default-libstdcxx-abi=new --enable-gnu-unique-object --disable-vtable-verify --enable-libmpx --enable-plugin --enable-default-pie --with-system-zlib --enable-libphobos-checking=release --with-target-system-zlib=auto --enable-objc-gc=auto --enable-multiarch --disable-werror --enable-cet --with-arch-32=i686 --with-abi=m64 --with-multilib-list=m32,m64,mx32 --enable-multilib --with-tune=generic --enable-offload-targets=nvptx-none --without-cuda-driver --enable-checking=release --build=x86_64-linux-gnu --host=x86_64-linux-gnu --target=x86_64-linux-gnu --with-build-config=bootstrap-lto-lean --enable-link-serialization=2
Thread model: posix
Supported LTO compression algorithms: zlib zstd
gcc version 13.2.0 (Ubuntu 13.2.0-1ubuntu1~22.04-torel) 
COMPILER_PATH=/cm/shared/apps/gcc/13.2.0/usr/lib/gcc/x86_64-linux-gnu/13/:/cm/shared/apps/gcc/13.2.0/usr/lib/gcc/x86_64-linux-gnu/13/:/cm/shared/apps/gcc/13.2.0/usr/lib/gcc/x86_64-linux-gnu/:/cm/shared/apps/gcc/13.2.0/usr/lib/gcc/x86_64-linux-gnu/13/:/cm/shared/apps/gcc/13.2.0/usr/lib/gcc/x86_64-linux-gnu/
LIBRARY_PATH=/cm/shared/apps/gcc/13.2.0/usr/lib64/../lib64/:/cm/shared/apps/gcc/13.2.0/usr/lib32/../lib64/:/cm/shared/apps/gcc/13.2.0/usr/libx32/../lib64/:/cm/shared/apps/slurm/current/lib64/../lib64/:/cm/shared/apps/gcc/13.2.0/usr/lib/gcc/x86_64-linux-gnu/13/:/cm/shared/apps/gcc/13.2.0/usr/lib/gcc/x86_64-linux-gnu/13/../../../../lib64/:/lib/x86_64-linux-gnu/:/lib/../lib64/:/usr/lib/x86_64-linux-gnu/:/usr/lib/../lib64/:/cm/shared/apps/metis/gcc/5.1.0/lib/:/cm/shared/apps/gcc/13.2.0/usr/lib64/:/cm/shared/apps/gcc/13.2.0/usr/lib32/:/cm/shared/apps/gcc/13.2.0/usr/libx32/:/cm/shared/apps/mpc/gcc/u2204/1.3.1/lib/:/cm/shared/apps/mpfr/gcc/4.2.1/lib/:/cm/shared/apps/gmp/gcc/6.3.0/lib/:/cm/shared/apps/hwloc/gcc/2.9.2/lib/:/cm/shared/apps/slurm/current/lib64/slurm/:/cm/shared/apps/slurm/current/lib64/:/cm/shared/apps/gcc/13.2.0/usr/lib/gcc/x86_64-linux-gnu/13/../../../:/lib/:/usr/lib/
Reading specs from /cm/shared/apps/gcc/13.2.0/usr/lib64/../lib64/libgomp.spec
COLLECT_GCC_OPTIONS='-fopenmp' '-v' '-o' 'cmTC_68d09' '-v' '-mtune=generic' '-march=x86-64' '-pthread' '-dumpdir' 'cmTC_68d09.'
 /cm/shared/apps/gcc/13.2.0/usr/lib/gcc/x86_64-linux-gnu/13/collect2 -plugin /cm/shared/apps/gcc/13.2.0/usr/lib/gcc/x86_64-linux-gnu/13/liblto_plugin.so -plugin-opt=/cm/shared/apps/gcc/13.2.0/usr/lib/gcc/x86_64-linux-gnu/13/lto-wrapper -plugin-opt=-fresolution=/tmp/ccnWwG0W.res -plugin-opt=-pass-through=-lgcc -plugin-opt=-pass-through=-lgcc_s -plugin-opt=-pass-through=-lpthread -plugin-opt=-pass-through=-lc -plugin-opt=-pass-through=-lgcc -plugin-opt=-pass-through=-lgcc_s --build-id --eh-frame-hdr -m elf_x86_64 -dynamic-linker /lib64/ld-linux-x86-64.so.2 -pie -o cmTC_68d09 /lib/x86_64-linux-gnu/Scrt1.o /lib/x86_64-linux-gnu/crti.o /cm/shared/apps/gcc/13.2.0/usr/lib/gcc/x86_64-linux-gnu/13/crtbeginS.o /cm/shared/apps/gcc/13.2.0/usr/lib/gcc/x86_64-linux-gnu/13/crtoffloadbegin.o -L/cm/shared/apps/gcc/13.2.0/usr/lib64/../lib64 -L/cm/shared/apps/gcc/13.2.0/usr/lib32/../lib64 -L/cm/shared/apps/gcc/13.2.0/usr/libx32/../lib64 -L/cm/shared/apps/slurm/current/lib64/../lib64 -L/cm/shared/apps/gcc/13.2.0/usr/lib/gcc/x86_64-linux-gnu/13 -L/cm/shared/apps/gcc/13.2.0/usr/lib/gcc/x86_64-linux-gnu/13/../../../../lib64 -L/lib/x86_64-linux-gnu -L/lib/../lib64 -L/usr/lib/x86_64-linux-gnu -L/usr/lib/../lib64 -L/cm/shared/apps/metis/gcc/5.1.0/lib -L/cm/shared/apps/gcc/13.2.0/usr/lib64 -L/cm/shared/apps/gcc/13.2.0/usr/lib32 -L/cm/shared/apps/gcc/13.2.0/usr/libx32 -L/cm/shared/apps/mpc/gcc/u2204/1.3.1/lib -L/cm/shared/apps/mpfr/gcc/4.2.1/lib -L/cm/shared/apps/gmp/gcc/6.3.0/lib -L/cm/shared/apps/hwloc/gcc/2.9.2/lib -L/cm/shared/apps/slurm/current/lib64/slurm -L/cm/shared/apps/slurm/current/lib64 -L/cm/shared/apps/gcc/13.2.0/usr/lib/gcc/x86_64-linux-gnu/13/../../.. CMakeFiles/cmTC_68d09.dir/OpenMPTryFlag.c.o -lgomp -lgcc --push-state --as-needed -lgcc_s --pop-state -lpthread -lc -lgcc --push-state --as-needed -lgcc_s --pop-state /cm/shared/apps/gcc/13.2.0/usr/lib/gcc/x86_64-linux-gnu/13/crtendS.o /lib/x86_64-linux-gnu/crtn.o /cm/shared/apps/gcc/13.2.0/usr/lib/gcc/x86_64-linux-gnu/13/crtoffloadend.o
COLLECT_GCC_OPTIONS='-fopenmp' '-v' '-o' 'cmTC_68d09' '-v' '-mtune=generic' '-march=x86-64' '-pthread' '-dumpdir' 'cmTC_68d09.'
gmake[1]: Leaving directory '/home/krisor99/SpMV-Comm-Strats/P3/build/Debug/CMakeFiles/CMakeTmp'



Parsed C OpenMP implicit link information from above output:
  link line regex: [^( *|.*[/\])(ld|CMAKE_LINK_STARTFILE-NOTFOUND|([^/\]+-)?ld|collect2)[^/\]*( |$)]
  ignore line: [Change Dir: /home/krisor99/SpMV-Comm-Strats/P3/build/Debug/CMakeFiles/CMakeTmp]
  ignore line: []
  ignore line: [Run Build Command(s):/usr/bin/gmake -f Makefile cmTC_68d09/fast && /usr/bin/gmake  -f CMakeFiles/cmTC_68d09.dir/build.make CMakeFiles/cmTC_68d09.dir/build]
  ignore line: [gmake[1]: Entering directory '/home/krisor99/SpMV-Comm-Strats/P3/build/Debug/CMakeFiles/CMakeTmp']
  ignore line: [Building C object CMakeFiles/cmTC_68d09.dir/OpenMPTryFlag.c.o]
  ignore line: [/cm/shared/apps/gcc/13.2.0/bin/gcc-13   -fopenmp -v -std=gnu11 -o CMakeFiles/cmTC_68d09.dir/OpenMPTryFlag.c.o -c /home/krisor99/SpMV-Comm-Strats/P3/build/Debug/CMakeFiles/FindOpenMP/OpenMPTryFlag.c]
  ignore line: [Using built-in specs.]
  ignore line: [COLLECT_GCC=/cm/shared/apps/gcc/13.2.0/bin/gcc-13]
  ignore line: [OFFLOAD_TARGET_NAMES=nvptx-none]
  ignore line: [Target: x86_64-linux-gnu]
  ignore line: [Configured with: ../configure --prefix=/cm/shared/apps/gcc/13.2.0 --enable-languages=c c++ go d fortran objc obj-c++ m2 --with-pkgversion='Ubuntu 13.2.0-1ubuntu1~22.04-torel' --with-gcc-major-version-only --program-suffix=-13 --enable-shared --enable-linker-build-id --with-gmp=/cm/shared/apps/gmp/gcc/6.3.0 --with-mpc=/cm/shared/apps/mpc/gcc/u2204/1.3.1 --with-mpfr=/cm/shared/apps/mpfr/gcc/4.2.1 --libexecdir=/cm/shared/apps/gcc/13.2.0/usr/lib --without-included-gettext --enable-threads=posix --libdir=/cm/shared/apps/gcc/13.2.0/usr/lib --enable-nls --enable-clocale=gnu --enable-libstdcxx-debug --enable-libstdcxx-time=yes --with-default-libstdcxx-abi=new --enable-gnu-unique-object --disable-vtable-verify --enable-libmpx --enable-plugin --enable-default-pie --with-system-zlib --enable-libphobos-checking=release --with-target-system-zlib=auto --enable-objc-gc=auto --enable-multiarch --disable-werror --enable-cet --with-arch-32=i686 --with-abi=m64 --with-multilib-list=m32 m64 mx32 --enable-multilib --with-tune=generic --enable-offload-targets=nvptx-none --without-cuda-driver --enable-checking=release --build=x86_64-linux-gnu --host=x86_64-linux-gnu --target=x86_64-linux-gnu --with-build-config=bootstrap-lto-lean --enable-link-serialization=2]
  ignore line: [Thread model: posix]
  ignore line: [Supported LTO compression algorithms: zlib zstd]
  ignore line: [gcc version 13.2.0 (Ubuntu 13.2.0-1ubuntu1~22.04-torel) ]
  ignore line: [COLLECT_GCC_OPTIONS='-fopenmp' '-v' '-std=gnu11' '-o' 'CMakeFiles/cmTC_68d09.dir/OpenMPTryFlag.c.o' '-c' '-mtune=generic' '-march=x86-64' '-pthread' '-dumpdir' 'CMakeFiles/cmTC_68d09.dir/']
  ignore line: [ /cm/shared/apps/gcc/13.2.0/usr/lib/gcc/x86_64-linux-gnu/13/cc1 -quiet -v -imultiarch x86_64-linux-gnu -D_REENTRANT /home/krisor99/SpMV-Comm-Strats/P3/build/Debug/CMakeFiles/FindOpenMP/OpenMPTryFlag.c -quiet -dumpdir CMakeFiles/cmTC_68d09.dir/ -dumpbase OpenMPTryFlag.c.c -dumpbase-ext .c -mtune=generic -march=x86-64 -std=gnu11 -version -fopenmp -o /tmp/ccXdFfjb.s]
  ignore line: [GNU C11 (Ubuntu 13.2.0-1ubuntu1~22.04-torel) version 13.2.0 (x86_64-linux-gnu)]
  ignore line: [	compiled by GNU C version 13.2.0  GMP version 6.3.0  MPFR version 4.2.1  MPC version 1.3.1  isl version isl-0.24-GMP]
  ignore line: []
  ignore line: [GGC heuristics: --param ggc-min-expand=100 --param ggc-min-heapsize=131072]
  ignore line: [ignoring nonexistent directory "/usr/local/include/x86_64-linux-gnu"]
  ignore line: [ignoring duplicate directory "/cm/shared/apps/gcc/13.2.0/include"]
  ignore line: [ignoring nonexistent directory "/cm/shared/apps/gcc/13.2.0/usr/lib/gcc/x86_64-linux-gnu/13/../../../../../x86_64-linux-gnu/include"]
  ignore line: [#include "..." search starts here:]
  ignore line: [#include <...> search starts here:]
  ignore line: [ /cm/shared/apps/openmpi4/gcc/4.1.5/include]
  ignore line: [ /cm/shared/apps/slurm/current/include]
  ignore line: [ /cm/shared/apps/metis/gcc/5.1.0/include]
  ignore line: [ /cm/shared/apps/gcc/13.2.0/include]
  ignore line: [ /cm/shared/apps/mpc/gcc/u2204/1.3.1/include]
  ignore line: [ /cm/shared/apps/mpfr/gcc/4.2.1/include]
  ignore line: [ /cm/shared/apps/gmp/gcc/6.3.0/include]
  ignore line: [ /cm/shared/apps/hwloc/gcc/2.9.2/include]
  ignore line: [ /cm/shared/apps/gcc/13.2.0/usr/lib/gcc/x86_64-linux-gnu/13/include]
  ignore line: [ /usr/local/include]
  ignore line: [ /cm/shared/apps/gcc/13.2.0/usr/lib/gcc/x86_64-linux-gnu/13/include-fixed/x86_64-linux-gnu]
  ignore line: [ /cm/shared/apps/gcc/13.2.0/usr/lib/gcc/x86_64-linux-gnu/13/include-fixed]
  ignore line: [ /usr/include/x86_64-linux-gnu]
  ignore line: [ /usr/include]
  ignore line: [End of search list.]
  ignore line: [Compiler executable checksum: d4eec267d49630bbfb0c9557d8b75b0d]
  ignore line: [COLLECT_GCC_OPTIONS='-fopenmp' '-v' '-std=gnu11' '-o' 'CMakeFiles/cmTC_68d09.dir/OpenMPTryFlag.c.o' '-c' '-mtune=generic' '-march=x86-64' '-pthread' '-dumpdir' 'CMakeFiles/cmTC_68d09.dir/']
  ignore line: [ as -v --64 -o CMakeFiles/cmTC_68d09.dir/OpenMPTryFlag.c.o /tmp/ccXdFfjb.s]
  ignore line: [GNU assembler version 2.38 (x86_64-linux-gnu) using BFD version (GNU Binutils for Ubuntu) 2.38]
  ignore line: [COMPILER_PATH=/cm/shared/apps/gcc/13.2.0/usr/lib/gcc/x86_64-linux-gnu/13/:/cm/shared/apps/gcc/13.2.0/usr/lib/gcc/x86_64-linux-gnu/13/:/cm/shared/apps/gcc/13.2.0/usr/lib/gcc/x86_64-linux-gnu/:/cm/shared/apps/gcc/13.2.0/usr/lib/gcc/x86_64-linux-gnu/13/:/cm/shared/apps/gcc/13.2.0/usr/lib/gcc/x86_64-linux-gnu/]
  ignore line: [LIBRARY_PATH=/cm/shared/apps/gcc/13.2.0/usr/lib64/../lib64/:/cm/shared/apps/gcc/13.2.0/usr/lib32/../lib64/:/cm/shared/apps/gcc/13.2.0/usr/libx32/../lib64/:/cm/shared/apps/slurm/current/lib64/../lib64/:/cm/shared/apps/gcc/13.2.0/usr/lib/gcc/x86_64-linux-gnu/13/:/cm/shared/apps/gcc/13.2.0/usr/lib/gcc/x86_64-linux-gnu/13/../../../../lib64/:/lib/x86_64-linux-gnu/:/lib/../lib64/:/usr/lib/x86_64-linux-gnu/:/usr/lib/../lib64/:/cm/shared/apps/metis/gcc/5.1.0/lib/:/cm/shared/apps/gcc/13.2.0/usr/lib64/:/cm/shared/apps/gcc/13.2.0/usr/lib32/:/cm/shared/apps/gcc/13.2.0/usr/libx32/:/cm/shared/apps/mpc/gcc/u2204/1.3.1/lib/:/cm/shared/apps/mpfr/gcc/4.2.1/lib/:/cm/shared/apps/gmp/gcc/6.3.0/lib/:/cm/shared/apps/hwloc/gcc/2.9.2/lib/:/cm/shared/apps/slurm/current/lib64/slurm/:/cm/shared/apps/slurm/current/lib64/:/cm/shared/apps/gcc/13.2.0/usr/lib/gcc/x86_64-linux-gnu/13/../../../:/lib/:/usr/lib/]
  ignore line: [COLLECT_GCC_OPTIONS='-fopenmp' '-v' '-std=gnu11' '-o' 'CMakeFiles/cmTC_68d09.dir/OpenMPTryFlag.c.o' '-c' '-mtune=generic' '-march=x86-64' '-pthread' '-dumpdir' 'CMakeFiles/cmTC_68d09.dir/OpenMPTryFlag.c.']
  ignore line: [Linking C executable cmTC_68d09]
  ignore line: [/usr/bin/cmake -E cmake_link_script CMakeFiles/cmTC_68d09.dir/link.txt --verbose=1]
  ignore line: [/cm/shared/apps/gcc/13.2.0/bin/gcc-13  -fopenmp -v CMakeFiles/cmTC_68d09.dir/OpenMPTryFlag.c.o -o cmTC_68d09  -v ]
  ignore line: [Using built-in specs.]
  ignore line: [COLLECT_GCC=/cm/shared/apps/gcc/13.2.0/bin/gcc-13]
  ignore line: [COLLECT_LTO_WRAPPER=/cm/shared/apps/gcc/13.2.0/usr/lib/gcc/x86_64-linux-gnu/13/lto-wrapper]
  ignore line: [OFFLOAD_TARGET_NAMES=nvptx-none]
  ignore line: [Target: x86_64-linux-gnu]
  ignore line: [Configured with: ../configure --prefix=/cm/shared/apps/gcc/13.2.0 --enable-languages=c c++ go d fortran objc obj-c++ m2 --with-pkgversion='Ubuntu 13.2.0-1ubuntu1~22.04-torel' --with-gcc-major-version-only --program-suffix=-13 --enable-shared --enable-linker-build-id --with-gmp=/cm/shared/apps/gmp/gcc/6.3.0 --with-mpc=/cm/shared/apps/mpc/gcc/u2204/1.3.1 --with-mpfr=/cm/shared/apps/mpfr/gcc/4.2.1 --libexecdir=/cm/shared/apps/gcc/13.2.0/usr/lib --without-included-gettext --enable-threads=posix --libdir=/cm/shared/apps/gcc/13.2.0/usr/lib --enable-nls --enable-clocale=gnu --enable-libstdcxx-debug --enable-libstdcxx-time=yes --with-default-libstdcxx-abi=new --enable-gnu-unique-object --disable-vtable-verify --enable-libmpx --enable-plugin --enable-default-pie --with-system-zlib --enable-libphobos-checking=release --with-target-system-zlib=auto --enable-objc-gc=auto --enable-multiarch --disable-werror --enable-cet --with-arch-32=i686 --with-abi=m64 --with-multilib-list=m32 m64 mx32 --enable-multilib --with-tune=generic --enable-offload-targets=nvptx-none --without-cuda-driver --enable-checking=release --build=x86_64-linux-gnu --host=x86_64-linux-gnu --target=x86_64-linux-gnu --with-build-config=bootstrap-lto-lean --enable-link-serialization=2]
  ignore line: [Thread model: posix]
  ignore line: [Supported LTO compression algorithms: zlib zstd]
  ignore line: [gcc version 13.2.0 (Ubuntu 13.2.0-1ubuntu1~22.04-torel) ]
  ignore line: [COMPILER_PATH=/cm/shared/apps/gcc/13.2.0/usr/lib/gcc/x86_64-linux-gnu/13/:/cm/shared/apps/gcc/13.2.0/usr/lib/gcc/x86_64-linux-gnu/13/:/cm/shared/apps/gcc/13.2.0/usr/lib/gcc/x86_64-linux-gnu/:/cm/shared/apps/gcc/13.2.0/usr/lib/gcc/x86_64-linux-gnu/13/:/cm/shared/apps/gcc/13.2.0/usr/lib/gcc/x86_64-linux-gnu/]
  ignore line: [LIBRARY_PATH=/cm/shared/apps/gcc/13.2.0/usr/lib64/../lib64/:/cm/shared/apps/gcc/13.2.0/usr/lib32/../lib64/:/cm/shared/apps/gcc/13.2.0/usr/libx32/../lib64/:/cm/shared/apps/slurm/current/lib64/../lib64/:/cm/shared/apps/gcc/13.2.0/usr/lib/gcc/x86_64-linux-gnu/13/:/cm/shared/apps/gcc/13.2.0/usr/lib/gcc/x86_64-linux-gnu/13/../../../../lib64/:/lib/x86_64-linux-gnu/:/lib/../lib64/:/usr/lib/x86_64-linux-gnu/:/usr/lib/../lib64/:/cm/shared/apps/metis/gcc/5.1.0/lib/:/cm/shared/apps/gcc/13.2.0/usr/lib64/:/cm/shared/apps/gcc/13.2.0/usr/lib32/:/cm/shared/apps/gcc/13.2.0/usr/libx32/:/cm/shared/apps/mpc/gcc/u2204/1.3.1/lib/:/cm/shared/apps/mpfr/gcc/4.2.1/lib/:/cm/shared/apps/gmp/gcc/6.3.0/lib/:/cm/shared/apps/hwloc/gcc/2.9.2/lib/:/cm/shared/apps/slurm/current/lib64/slurm/:/cm/shared/apps/slurm/current/lib64/:/cm/shared/apps/gcc/13.2.0/usr/lib/gcc/x86_64-linux-gnu/13/../../../:/lib/:/usr/lib/]
  ignore line: [Reading specs from /cm/shared/apps/gcc/13.2.0/usr/lib64/../lib64/libgomp.spec]
  ignore line: [COLLECT_GCC_OPTIONS='-fopenmp' '-v' '-o' 'cmTC_68d09' '-v' '-mtune=generic' '-march=x86-64' '-pthread' '-dumpdir' 'cmTC_68d09.']
  link line: [ /cm/shared/apps/gcc/13.2.0/usr/lib/gcc/x86_64-linux-gnu/13/collect2 -plugin /cm/shared/apps/gcc/13.2.0/usr/lib/gcc/x86_64-linux-gnu/13/liblto_plugin.so -plugin-opt=/cm/shared/apps/gcc/13.2.0/usr/lib/gcc/x86_64-linux-gnu/13/lto-wrapper -plugin-opt=-fresolution=/tmp/ccnWwG0W.res -plugin-opt=-pass-through=-lgcc -plugin-opt=-pass-through=-lgcc_s -plugin-opt=-pass-through=-lpthread -plugin-opt=-pass-through=-lc -plugin-opt=-pass-through=-lgcc -plugin-opt=-pass-through=-lgcc_s --build-id --eh-frame-hdr -m elf_x86_64 -dynamic-linker /lib64/ld-linux-x86-64.so.2 -pie -o cmTC_68d09 /lib/x86_64-linux-gnu/Scrt1.o /lib/x86_64-linux-gnu/crti.o /cm/shared/apps/gcc/13.2.0/usr/lib/gcc/x86_64-linux-gnu/13/crtbeginS.o /cm/shared/apps/gcc/13.2.0/usr/lib/gcc/x86_64-linux-gnu/13/crtoffloadbegin.o -L/cm/shared/apps/gcc/13.2.0/usr/lib64/../lib64 -L/cm/shared/apps/gcc/13.2.0/usr/lib32/../lib64 -L/cm/shared/apps/gcc/13.2.0/usr/libx32/../lib64 -L/cm/shared/apps/slurm/current/lib64/../lib64 -L/cm/shared/apps/gcc/13.2.0/usr/lib/gcc/x86_64-linux-gnu/13 -L/cm/shared/apps/gcc/13.2.0/usr/lib/gcc/x86_64-linux-gnu/13/../../../../lib64 -L/lib/x86_64-linux-gnu -L/lib/../lib64 -L/usr/lib/x86_64-linux-gnu -L/usr/lib/../lib64 -L/cm/shared/apps/metis/gcc/5.1.0/lib -L/cm/shared/apps/gcc/13.2.0/usr/lib64 -L/cm/shared/apps/gcc/13.2.0/usr/lib32 -L/cm/shared/apps/gcc/13.2.0/usr/libx32 -L/cm/shared/apps/mpc/gcc/u2204/1.3.1/lib -L/cm/shared/apps/mpfr/gcc/4.2.1/lib -L/cm/shared/apps/gmp/gcc/6.3.0/lib -L/cm/shared/apps/hwloc/gcc/2.9.2/lib -L/cm/shared/apps/slurm/current/lib64/slurm -L/cm/shared/apps/slurm/current/lib64 -L/cm/shared/apps/gcc/13.2.0/usr/lib/gcc/x86_64-linux-gnu/13/../../.. CMakeFiles/cmTC_68d09.dir/OpenMPTryFlag.c.o -lgomp -lgcc --push-state --as-needed -lgcc_s --pop-state -lpthread -lc -lgcc --push-state --as-needed -lgcc_s --pop-state /cm/shared/apps/gcc/13.2.0/usr/lib/gcc/x86_64-linux-gnu/13/crtendS.o /lib/x86_64-linux-gnu/crtn.o /cm/shared/apps/gcc/13.2.0/usr/lib/gcc/x86_64-linux-gnu/13/crtoffloadend.o]
    arg [/cm/shared/apps/gcc/13.2.0/usr/lib/gcc/x86_64-linux-gnu/13/collect2] ==> ignore
    arg [-plugin] ==> ignore
    arg [/cm/shared/apps/gcc/13.2.0/usr/lib/gcc/x86_64-linux-gnu/13/liblto_plugin.so] ==> ignore
    arg [-plugin-opt=/cm/shared/apps/gcc/13.2.0/usr/lib/gcc/x86_64-linux-gnu/13/lto-wrapper] ==> ignore
    arg [-plugin-opt=-fresolution=/tmp/ccnWwG0W.res] ==> ignore
    arg [-plugin-opt=-pass-through=-lgcc] ==> ignore
    arg [-plugin-opt=-pass-through=-lgcc_s] ==> ignore
    arg [-plugin-opt=-pass-through=-lpthread] ==> ignore
    arg [-plugin-opt=-pass-through=-lc] ==> ignore
    arg [-plugin-opt=-pass-through=-lgcc] ==> ignore
    arg [-plugin-opt=-pass-through=-lgcc_s] ==> ignore
    arg [--build-id] ==> ignore
    arg [--eh-frame-hdr] ==> ignore
    arg [-m] ==> ignore
    arg [elf_x86_64] ==> ignore
    arg [-dynamic-linker] ==> ignore
    arg [/lib64/ld-linux-x86-64.so.2] ==> ignore
    arg [-pie] ==> ignore
    arg [-o] ==> ignore
    arg [cmTC_68d09] ==> ignore
    arg [-L/cm/shared/apps/gcc/13.2.0/usr/lib64/../lib64] ==> dir [/cm/shared/apps/gcc/13.2.0/usr/lib64/../lib64]
    arg [-L/cm/shared/apps/gcc/13.2.0/usr/lib32/../lib64] ==> dir [/cm/shared/apps/gcc/13.2.0/usr/lib32/../lib64]
    arg [-L/cm/shared/apps/gcc/13.2.0/usr/libx32/../lib64] ==> dir [/cm/shared/apps/gcc/13.2.0/usr/libx32/../lib64]
    arg [-L/cm/shared/apps/slurm/current/lib64/../lib64] ==> dir [/cm/shared/apps/slurm/current/lib64/../lib64]
    arg [-L/cm/shared/apps/gcc/13.2.0/usr/lib/gcc/x86_64-linux-gnu/13] ==> dir [/cm/shared/apps/gcc/13.2.0/usr/lib/gcc/x86_64-linux-gnu/13]
    arg [-L/cm/shared/apps/gcc/13.2.0/usr/lib/gcc/x86_64-linux-gnu/13/../../../../lib64] ==> dir [/cm/shared/apps/gcc/13.2.0/usr/lib/gcc/x86_64-linux-gnu/13/../../../../lib64]
    arg [-L/lib/x86_64-linux-gnu] ==> dir [/lib/x86_64-linux-gnu]
    arg [-L/lib/../lib64] ==> dir [/lib/../lib64]
    arg [-L/usr/lib/x86_64-linux-gnu] ==> dir [/usr/lib/x86_64-linux-gnu]
    arg [-L/usr/lib/../lib64] ==> dir [/usr/lib/../lib64]
    arg [-L/cm/shared/apps/metis/gcc/5.1.0/lib] ==> dir [/cm/shared/apps/metis/gcc/5.1.0/lib]
    arg [-L/cm/shared/apps/gcc/13.2.0/usr/lib64] ==> dir [/cm/shared/apps/gcc/13.2.0/usr/lib64]
    arg [-L/cm/shared/apps/gcc/13.2.0/usr/lib32] ==> dir [/cm/shared/apps/gcc/13.2.0/usr/lib32]
    arg [-L/cm/shared/apps/gcc/13.2.0/usr/libx32] ==> dir [/cm/shared/apps/gcc/13.2.0/usr/libx32]
    arg [-L/cm/shared/apps/mpc/gcc/u2204/1.3.1/lib] ==> dir [/cm/shared/apps/mpc/gcc/u2204/1.3.1/lib]
    arg [-L/cm/shared/apps/mpfr/gcc/4.2.1/lib] ==> dir [/cm/shared/apps/mpfr/gcc/4.2.1/lib]
    arg [-L/cm/shared/apps/gmp/gcc/6.3.0/lib] ==> dir [/cm/shared/apps/gmp/gcc/6.3.0/lib]
    arg [-L/cm/shared/apps/hwloc/gcc/2.9.2/lib] ==> dir [/cm/shared/apps/hwloc/gcc/2.9.2/lib]
    arg [-L/cm/shared/apps/slurm/current/lib64/slurm] ==> dir [/cm/shared/apps/slurm/current/lib64/slurm]
    arg [-L/cm/shared/apps/slurm/current/lib64] ==> dir [/cm/shared/apps/slurm/current/lib64]
    arg [-L/cm/shared/apps/gcc/13.2.0/usr/lib/gcc/x86_64-linux-gnu/13/../../..] ==> dir [/cm/shared/apps/gcc/13.2.0/usr/lib/gcc/x86_64-linux-gnu/13/../../..]
    arg [CMakeFiles/cmTC_68d09.dir/OpenMPTryFlag.c.o] ==> ignore
    arg [-lgomp] ==> lib [gomp]
    arg [-lgcc] ==> lib [gcc]
    arg [--push-state] ==> ignore
    arg [--as-needed] ==> ignore
    arg [-lgcc_s] ==> lib [gcc_s]
    arg [--pop-state] ==> ignore
    arg [-lpthread] ==> lib [pthread]
    arg [-lc] ==> lib [c]
    arg [-lgcc] ==> lib [gcc]
    arg [--push-state] ==> ignore
    arg [--as-needed] ==> ignore
    arg [-lgcc_s] ==> lib [gcc_s]
    arg [--pop-state] ==> ignore
  collapse library dir [/cm/shared/apps/gcc/13.2.0/usr/lib64/../lib64] ==> [/cm/shared/apps/gcc/13.2.0/usr/lib64]
  collapse library dir [/cm/shared/apps/gcc/13.2.0/usr/lib32/../lib64] ==> [/cm/shared/apps/gcc/13.2.0/usr/lib64]
  collapse library dir [/cm/shared/apps/gcc/13.2.0/usr/libx32/../lib64] ==> [/cm/shared/apps/gcc/13.2.0/usr/lib64]
  collapse library dir [/cm/shared/apps/slurm/current/lib64/../lib64] ==> [/cm/shared/apps/slurm/current/lib64]
  collapse library dir [/cm/shared/apps/gcc/13.2.0/usr/lib/gcc/x86_64-linux-gnu/13] ==> [/cm/shared/apps/gcc/13.2.0/usr/lib/gcc/x86_64-linux-gnu/13]
  collapse library dir [/cm/shared/apps/gcc/13.2.0/usr/lib/gcc/x86_64-linux-gnu/13/../../../../lib64] ==> [/cm/shared/apps/gcc/13.2.0/usr/lib64]
  collapse library dir [/lib/x86_64-linux-gnu] ==> [/lib/x86_64-linux-gnu]
  collapse library dir [/lib/../lib64] ==> [/lib64]
  collapse library dir [/usr/lib/x86_64-linux-gnu] ==> [/usr/lib/x86_64-linux-gnu]
  collapse library dir [/usr/lib/../lib64] ==> [/usr/lib64]
  collapse library dir [/cm/shared/apps/metis/gcc/5.1.0/lib] ==> [/cm/shared/apps/metis/gcc/5.1.0/lib]
  collapse library dir [/cm/shared/apps/gcc/13.2.0/usr/lib64] ==> [/cm/shared/apps/gcc/13.2.0/usr/lib64]
  collapse library dir [/cm/shared/apps/gcc/13.2.0/usr/lib32] ==> [/cm/shared/apps/gcc/13.2.0/usr/lib32]
  collapse library dir [/cm/shared/apps/gcc/13.2.0/usr/libx32] ==> [/cm/shared/apps/gcc/13.2.0/usr/libx32]
  collapse library dir [/cm/shared/apps/mpc/gcc/u2204/1.3.1/lib] ==> [/cm/shared/apps/mpc/gcc/u2204/1.3.1/lib]
  collapse library dir [/cm/shared/apps/mpfr/gcc/4.2.1/lib] ==> [/cm/shared/apps/mpfr/gcc/4.2.1/lib]
  collapse library dir [/cm/shared/apps/gmp/gcc/6.3.0/lib] ==> [/cm/shared/apps/gmp/gcc/6.3.0/lib]
  collapse library dir [/cm/shared/apps/hwloc/gcc/2.9.2/lib] ==> [/cm/shared/apps/hwloc/gcc/2.9.2/lib]
  collapse library dir [/cm/shared/apps/slurm/current/lib64/slurm] ==> [/cm/shared/apps/slurm/current/lib64/slurm]
  collapse library dir [/cm/shared/apps/slurm/current/lib64] ==> [/cm/shared/apps/slurm/current/lib64]
  collapse library dir [/cm/shared/apps/gcc/13.2.0/usr/lib/gcc/x86_64-linux-gnu/13/../../..] ==> [/cm/shared/apps/gcc/13.2.0/usr/lib]
  implicit libs: [gomp;gcc;gcc_s;pthread;c;gcc;gcc_s]
  implicit objs: []
  implicit dirs: [/cm/shared/apps/gcc/13.2.0/usr/lib64;/cm/shared/apps/slurm/current/lib64;/cm/shared/apps/gcc/13.2.0/usr/lib/gcc/x86_64-linux-gnu/13;/lib/x86_64-linux-gnu;/lib64;/usr/lib/x86_64-linux-gnu;/usr/lib64;/cm/shared/apps/metis/gcc/5.1.0/lib;/cm/shared/apps/gcc/13.2.0/usr/lib32;/cm/shared/apps/gcc/13.2.0/usr/libx32;/cm/shared/apps/mpc/gcc/u2204/1.3.1/lib;/cm/shared/apps/mpfr/gcc/4.2.1/lib;/cm/shared/apps/gmp/gcc/6.3.0/lib;/cm/shared/apps/hwloc/gcc/2.9.2/lib;/cm/shared/apps/slurm/current/lib64/slurm;/cm/shared/apps/gcc/13.2.0/usr/lib]
  implicit fwks: []


